-------------------------------------------------------------------------------
Test set: com.trabfinal.casosDeUso.Politicas.CalculoCustoViagemTest
-------------------------------------------------------------------------------
Tests run: 3, Failures: 0, Errors: 3, Skipped: 0, Time elapsed: 0.077 sec <<< FAILURE! - in com.trabfinal.casosDeUso.Politicas.CalculoCustoViagemTest
Teste0Cidade  Time elapsed: 0.065 sec  <<< ERROR!
java.lang.Error: 
Unresolved compilation problem: 
	Cannot make a static reference to the non-static method novoBairroQuadrado(String, Ponto, int, double) from the type Bairro

	at com.trabfinal.casosDeUso.Politicas.CalculoCustoViagemTest.setup(CalculoCustoViagemTest.java:33)

TesteVariasCidades  Time elapsed: 0 sec  <<< ERROR!
java.lang.Error: 
Unresolved compilation problem: 
	Cannot make a static reference to the non-static method novoBairroQuadrado(String, Ponto, int, double) from the type Bairro

	at com.trabfinal.casosDeUso.Politicas.CalculoCustoViagemTest.setup(CalculoCustoViagemTest.java:33)

TesteUmaCidade  Time elapsed: 0.002 sec  <<< ERROR!
java.lang.Error: 
Unresolved compilation problem: 
	Cannot make a static reference to the non-static method novoBairroQuadrado(String, Ponto, int, double) from the type Bairro

	at com.trabfinal.casosDeUso.Politicas.CalculoCustoViagemTest.setup(CalculoCustoViagemTest.java:33)

